Using pre-set license
Built from '2020.3/staging' branch; Version is '2020.3.24f1 (79c78de19888) revision 7980941'; Using compiler version '192528614'; Build Type 'Release'
OS: 'Windows 10  (10.0.19044) 64bit Professional' Language: 'ko' Physical Memory: 32585 MB
BatchMode: 1, IsHumanControllingUs: 0, StartBugReporterOnCrash: 0, Is64bit: 1, IsPro: 0

COMMAND LINE ARGUMENTS:
C:\Program Files\Unity\Hub\Editor\2020.3.24f1\Editor\Unity.exe
-adb2
-batchMode
-noUpm
-name
AssetImportWorker0
-projectPath
C:/Users/USER/Documents/GitHub/CasualGameChallenge/yeeun
-logFile
Logs/AssetImportWorker0.log
-srvPort
54726
Successfully changed project path to: C:/Users/USER/Documents/GitHub/CasualGameChallenge/yeeun
C:/Users/USER/Documents/GitHub/CasualGameChallenge/yeeun
Using Asset Import Pipeline V2.
Refreshing native plugins compatible for Editor in 28.07 ms, found 2 plugins.
Preloading 0 native plugins for Editor in 0.00 ms.
Initialize engine version: 2020.3.24f1 (79c78de19888)
[Subsystems] Discovering subsystems at path C:/Program Files/Unity/Hub/Editor/2020.3.24f1/Editor/Data/Resources/UnitySubsystems
[Subsystems] Discovering subsystems at path C:/Users/USER/Documents/GitHub/CasualGameChallenge/yeeun/Assets
GfxDevice: creating device client; threaded=0
Direct3D:
    Version:  Direct3D 11.0 [level 11.1]
    Renderer: NVIDIA GeForce RTX 2060 (ID=0x1f15)
    Vendor:   
    VRAM:     5980 MB
    Driver:   27.21.14.5734
Initialize mono
Mono path[0] = 'C:/Program Files/Unity/Hub/Editor/2020.3.24f1/Editor/Data/Managed'
Mono path[1] = 'C:/Program Files/Unity/Hub/Editor/2020.3.24f1/Editor/Data/MonoBleedingEdge/lib/mono/unityjit'
Mono config path = 'C:/Program Files/Unity/Hub/Editor/2020.3.24f1/Editor/Data/MonoBleedingEdge/etc'
Using monoOptions --debugger-agent=transport=dt_socket,embedding=1,server=y,suspend=n,address=127.0.0.1:56896
Begin MonoManager ReloadAssembly
Registering precompiled unity dll's ...
Register platform support module: C:/Program Files/Unity/Hub/Editor/2020.3.24f1/Editor/Data/PlaybackEngines/WindowsStandaloneSupport/UnityEditor.WindowsStandalone.Extensions.dll
Registered in 0.002068 seconds.
Native extension for WindowsStandalone target not found
Refreshing native plugins compatible for Editor in 28.17 ms, found 2 plugins.
Preloading 0 native plugins for Editor in 0.00 ms.
Mono: successfully reloaded assembly
- Completed reload, in  0.483 seconds
Domain Reload Profiling:
	ReloadAssembly (483ms)
		BeginReloadAssembly (44ms)
			ExecutionOrderSort (0ms)
			DisableScriptedObjects (0ms)
			BackupInstance (0ms)
			ReleaseScriptingObjects (0ms)
			CreateAndSetChildDomain (1ms)
		EndReloadAssembly (379ms)
			LoadAssemblies (42ms)
			RebuildTransferFunctionScriptingTraits (0ms)
			SetupTypeCache (127ms)
			ReleaseScriptCaches (0ms)
			RebuildScriptCaches (25ms)
			SetupLoadedEditorAssemblies (136ms)
				LogAssemblyErrors (0ms)
				InitializePlatformSupportModulesInManaged (4ms)
				SetLoadedEditorAssemblies (0ms)
				RefreshPlugins (28ms)
				BeforeProcessingInitializeOnLoad (12ms)
				ProcessInitializeOnLoadAttributes (69ms)
				ProcessInitializeOnLoadMethodAttributes (23ms)
				AfterProcessingInitializeOnLoad (0ms)
				EditorAssembliesLoaded (0ms)
			ExecutionOrderSort2 (0ms)
			AwakeInstancesAfterBackupRestoration (0ms)
Platform modules already initialized, skipping
Registering precompiled user dll's ...
Registered in 0.004566 seconds.
Begin MonoManager ReloadAssembly
Native extension for WindowsStandalone target not found
Refreshing native plugins compatible for Editor in 0.28 ms, found 2 plugins.
Preloading 0 native plugins for Editor in 0.00 ms.
Mono: successfully reloaded assembly
- Completed reload, in  0.827 seconds
Domain Reload Profiling:
	ReloadAssembly (827ms)
		BeginReloadAssembly (118ms)
			ExecutionOrderSort (0ms)
			DisableScriptedObjects (4ms)
			BackupInstance (0ms)
			ReleaseScriptingObjects (0ms)
			CreateAndSetChildDomain (15ms)
		EndReloadAssembly (658ms)
			LoadAssemblies (68ms)
			RebuildTransferFunctionScriptingTraits (0ms)
			SetupTypeCache (231ms)
			ReleaseScriptCaches (0ms)
			RebuildScriptCaches (34ms)
			SetupLoadedEditorAssemblies (246ms)
				LogAssemblyErrors (0ms)
				InitializePlatformSupportModulesInManaged (4ms)
				SetLoadedEditorAssemblies (0ms)
				RefreshPlugins (0ms)
				BeforeProcessingInitializeOnLoad (67ms)
				ProcessInitializeOnLoadAttributes (160ms)
				ProcessInitializeOnLoadMethodAttributes (7ms)
				AfterProcessingInitializeOnLoad (6ms)
				EditorAssembliesLoaded (0ms)
			ExecutionOrderSort2 (0ms)
			AwakeInstancesAfterBackupRestoration (5ms)
Platform modules already initialized, skipping
========================================================================
Worker process is ready to serve import requests
Launched and connected shader compiler UnityShaderCompiler.exe after 0.07 seconds
Refreshing native plugins compatible for Editor in 0.39 ms, found 2 plugins.
Preloading 0 native plugins for Editor in 0.00 ms.
Unloading 1500 Unused Serialized files (Serialized files now loaded: 0)
System memory in use before: 67.4 MB.
System memory in use after: 67.5 MB.

Unloading 19 unused Assets to reduce memory usage. Loaded Objects now: 1932.
Total: 2.432300 ms (FindLiveObjects: 0.147900 ms CreateObjectMapping: 0.042800 ms MarkObjects: 2.185200 ms  DeleteObjects: 0.055500 ms)

AssetImportParameters requested are different than current active one (requested -> active):
  custom:framework-win-MediaFoundation: 216162199b28c13a410421893ffa2e32 -> 
  custom:video-decoder-ogg-theora: a1e56fd34408186e4bbccfd4996cb3dc -> 
  custom:container-muxer-webm: aa71ff27fc2769a1b78a27578f13a17b -> 
  custom:container-demuxer-webm: 4f35f7cbe854078d1ac9338744f61a02 -> 
  custom:container-demuxer-ogg: 62fdf1f143b41e24485cea50d1cbac27 -> 
  custom:video-encoder-webm-vp8: eb34c28f22e8b96e1ab97ce403110664 -> 
  custom:video-decoder-webm-vp8: 9c59270c3fd7afecdb556c50c9e8de78 -> 
  custom:audio-decoder-ogg-vorbis: bf7c407c2cedff20999df2af8eb42d56 -> 
  custom:audio-encoder-webm-vorbis: bf7c407c2cedff20999df2af8eb42d56 -> 
========================================================================
Received Import Request.
  path: Assets/Scenes
  artifactKey: Guid(c0ab0446cf5c90545bc4d5b323cd6d40) Importer(815301076,1909f56bfc062723c751e8b465ee728b)
Start importing Assets/Scenes using Guid(c0ab0446cf5c90545bc4d5b323cd6d40) Importer(815301076,1909f56bfc062723c751e8b465ee728b)  -> (artifact id: '9eff908a455c8407f0504c479338ed95') in 0.006731 seconds 
  Import took 0.008878 seconds .

========================================================================
Received Import Request.
  Time since last request: 25.106338 seconds.
  path: Assets/Scenes/SampleScene.unity
  artifactKey: Guid(9fc0d4010bbf28b4594072e72b8655ab) Importer(815301076,1909f56bfc062723c751e8b465ee728b)
Start importing Assets/Scenes/SampleScene.unity using Guid(9fc0d4010bbf28b4594072e72b8655ab) Importer(815301076,1909f56bfc062723c751e8b465ee728b)  -> (artifact id: '85059f4f9e1a832ed95adaa0d25c5c4c') in 0.013768 seconds 
  Import took 0.018068 seconds .

========================================================================
Received Import Request.
  Time since last request: 420.386255 seconds.
  path: Assets/Yellotail/Scenes/6. InGame.unity
  artifactKey: Guid(d0c8b802ce5c2b44e8be84fe835f7300) Importer(815301076,1909f56bfc062723c751e8b465ee728b)
Start importing Assets/Yellotail/Scenes/6. InGame.unity using Guid(d0c8b802ce5c2b44e8be84fe835f7300) Importer(815301076,1909f56bfc062723c751e8b465ee728b)  -> (artifact id: '28acbb5a1e5404f1bfc104287c5cbfd5') in 0.007009 seconds 
  Import took 0.009625 seconds .

========================================================================
Received Import Request.
  Time since last request: 2997.184525 seconds.
  path: Assets/Yellotail/Scripts/Main/PlayerParts.cs
  artifactKey: Guid(d6e9b5cfb62d2584d8567f305541f648) Importer(815301076,1909f56bfc062723c751e8b465ee728b)
Start importing Assets/Yellotail/Scripts/Main/PlayerParts.cs using Guid(d6e9b5cfb62d2584d8567f305541f648) Importer(815301076,1909f56bfc062723c751e8b465ee728b)  -> (artifact id: 'fe1a8d447f23ae42badff45e26dff143') in 0.040544 seconds 
  Import took 0.043874 seconds .

========================================================================
Received Import Request.
  Time since last request: 20.944757 seconds.
  path: Assets/Yellotail/Scripts/Player/MyPlayer.cs
  artifactKey: Guid(98613aa9a8705c64ebc737dbb39fb83a) Importer(815301076,1909f56bfc062723c751e8b465ee728b)
Start importing Assets/Yellotail/Scripts/Player/MyPlayer.cs using Guid(98613aa9a8705c64ebc737dbb39fb83a) Importer(815301076,1909f56bfc062723c751e8b465ee728b)  -> (artifact id: '10fdd302b8f119d012aada5cfe499d16') in 0.006870 seconds 
  Import took 0.009005 seconds .

========================================================================
Received Import Request.
  Time since last request: 145.861408 seconds.
  path: Assets/Yellotail/Scripts/Scene/6. InGame/ChattingPanel.cs
  artifactKey: Guid(048f119dcd03acf4487cc90000997d28) Importer(815301076,1909f56bfc062723c751e8b465ee728b)
Start importing Assets/Yellotail/Scripts/Scene/6. InGame/ChattingPanel.cs using Guid(048f119dcd03acf4487cc90000997d28) Importer(815301076,1909f56bfc062723c751e8b465ee728b)  -> (artifact id: 'f90cbb8e9bcaae6f6d561f75c6897562') in 0.006717 seconds 
  Import took 0.009295 seconds .

========================================================================
Received Import Request.
  Time since last request: 6.239334 seconds.
  path: Assets/Yellotail/Scripts/Scene/6. InGame/InGame.cs
  artifactKey: Guid(39db915b76cf7c443af90f2110328cd9) Importer(815301076,1909f56bfc062723c751e8b465ee728b)
Start importing Assets/Yellotail/Scripts/Scene/6. InGame/InGame.cs using Guid(39db915b76cf7c443af90f2110328cd9) Importer(815301076,1909f56bfc062723c751e8b465ee728b)  -> (artifact id: '08abbef1eaba03d10b14fa0d362299f3') in 0.006876 seconds 
  Import took 0.008932 seconds .

AssetImportWorkerClient::OnTransportError - code=2 error=End of file
